<?xml version="1.0" encoding="UTF-8"?>
<!-- Generated by org.testng.reporters.JUnitReportReporter -->
<testsuite hostname="ashok" failures="0" tests="3" name="org.dataprovider.DataPro" time="19.783" errors="0" timestamp="14 Mar 2024 06:20:22 GMT" skipped="0">
  <testcase classname="org.dataprovider.DataPro" name="hi" time="6.661"/>
  <testcase classname="org.dataprovider.DataPro" name="hi" time="6.627"/>
  <testcase classname="org.dataprovider.DataPro" name="hi" time="6.495"/>
</testsuite> <!-- org.dataprovider.DataPro -->
