<?xml version="1.0" encoding="UTF-8"?>
<!-- Generated by org.testng.reporters.JUnitReportReporter -->
<testsuite hostname="ashok" failures="0" tests="10" name="org.testngtask.TestNgConcept2" time="0.016" errors="0" timestamp="12 Mar 2024 05:08:37 GMT" skipped="2">
  <testcase classname="org.testngtask.TestNgConcept2" name="salute" time="0.004"/>
  <testcase classname="org.testngtask.TestNgConcept2" name="goodmorning" time="0.002"/>
  <testcase classname="org.testngtask.TestNgConcept2" name="bye" time="0.001"/>
  <testcase classname="org.testngtask.TestNgConcept2" name="hi" time="0.001"/>
  <testcase classname="org.testngtask.TestNgConcept2" name="vaada" time="0.001"/>
  <testcase classname="org.testngtask.TestNgConcept2" name="vaada" time="0.001"/>
  <testcase classname="org.testngtask.TestNgConcept2" name="vaada" time="0.003"/>
  <testcase classname="org.testngtask.TestNgConcept2" name="vaada" time="0.003"/>
  <testcase classname="org.testngtask.TestNgConcept2" name="gdeve">
    <skipped/>
  </testcase> <!-- gdeve -->
  <testcase classname="org.testngtask.TestNgConcept2" name="gdnt">
    <skipped/>
  </testcase> <!-- gdnt -->
</testsuite> <!-- org.testngtask.TestNgConcept2 -->
