<?xml version="1.0" encoding="UTF-8"?>
<!-- Generated by org.testng.reporters.JUnitReportReporter -->
<testsuite hostname="ashok" failures="0" tests="2" name="org.parameterpassing.Parameter123" time="18.283" errors="0" timestamp="17 Jun 2024 10:38:46 GMT" skipped="0">
  <testcase classname="org.parameterpassing.Parameter123" name="bye" time="18.259"/>
  <testcase classname="org.parameterpassing.Parameter123" name="hi" time="0.024"/>
</testsuite> <!-- org.parameterpassing.Parameter123 -->
