<?xml version="1.0" encoding="UTF-8"?>
<!-- Generated by org.testng.reporters.JUnitReportReporter -->
<testsuite hostname="ashok" failures="0" tests="1" name="org.testngtask.TestNgConcept1" time="0.001" errors="0" timestamp="12 Mar 2024 05:08:37 GMT" skipped="0">
  <testcase classname="org.testngtask.TestNgConcept1" name="m5" time="0.001"/>
</testsuite> <!-- org.testngtask.TestNgConcept1 -->
