<?xml version="1.0" encoding="UTF-8"?>
<!-- Generated by org.testng.reporters.JUnitReportReporter -->
<testsuite hostname="ashok" failures="0" tests="5" name="org.sequentialandparallel.SeqPara" time="51.090" errors="0" timestamp="14 Mar 2024 06:27:13 GMT" skipped="0">
  <testcase classname="org.sequentialandparallel.SeqPara" name="hi" time="7.767"/>
  <testcase classname="org.sequentialandparallel.SeqPara" name="go" time="8.278"/>
  <testcase classname="org.sequentialandparallel.SeqPara" name="hi" time="17.439"/>
  <testcase classname="org.sequentialandparallel.SeqPara" name="bye" time="6.475"/>
  <testcase classname="org.sequentialandparallel.SeqPara" name="hi" time="11.131"/>
</testsuite> <!-- org.sequentialandparallel.SeqPara -->
