<?xml version="1.0" encoding="UTF-8"?>
<!-- Generated by org.testng.reporters.JUnitReportReporter -->
<testsuite hostname="ashok" failures="0" tests="3" name="org.groupstask.Groupsss" time="0.020" errors="0" timestamp="19 Mar 2024 05:37:41 GMT" skipped="0">
  <testcase classname="org.groupstask.Groupsss" name="hi" time="0.002"/>
  <testcase classname="org.groupstask.Groupsss" name="goodMorning" time="0.001"/>
  <testcase classname="org.groupstask.Groupsss" name="bye" time="0.017"/>
</testsuite> <!-- org.groupstask.Groupsss -->
